#-----------------------------------------------------------
# Vivado v2018.2 (64-bit)
# SW Build 2258646 on Thu Jun 14 20:03:12 MDT 2018
# IP Build 2256618 on Thu Jun 14 22:10:49 MDT 2018
# Start of session at: Tue Jun  8 11:51:04 2021
# Process ID: 1928
# Current directory: C:/Users/tuoma/vivado/BIST
# Command line: vivado.exe -gui_launcher_event rodinguilauncherevent4112 C:\Users\tuoma\vivado\BIST\BIST.xpr
# Log file: C:/Users/tuoma/vivado/BIST/vivado.log
# Journal file: C:/Users/tuoma/vivado/BIST\vivado.jou
#-----------------------------------------------------------
start_gui
open_project C:/Users/tuoma/vivado/BIST/BIST.xpr
Scanning sources...
Finished scanning sources
INFO: [IP_Flow 19-234] Refreshing IP repositories
INFO: [IP_Flow 19-1704] No user IP repositories specified
INFO: [IP_Flow 19-2313] Loaded Vivado IP repository 'C:/Xilinx/Vivado/2018.2/data/ip'.
open_project: Time (s): cpu = 00:00:18 ; elapsed = 00:00:17 . Memory (MB): peak = 742.023 ; gain = 104.434
update_compile_order -fileset sources_1
open_bd_design {C:/Users/tuoma/vivado/BIST/BIST.srcs/sources_1/bd/design_1/design_1.bd}
Adding cell -- xilinx.com:ip:axi_gpio:2.0 - axi_gpio_0
Adding cell -- xilinx.com:ip:processing_system7:5.5 - processing_system7_0
Adding cell -- xilinx.com:ip:proc_sys_reset:5.0 - rst_ps7_0_50M
Adding cell -- xilinx.com:ip:axi_protocol_converter:2.1 - auto_pc
Successfully read diagram <design_1> from BD file <C:/Users/tuoma/vivado/BIST/BIST.srcs/sources_1/bd/design_1/design_1.bd>
open_bd_design: Time (s): cpu = 00:00:11 ; elapsed = 00:00:13 . Memory (MB): peak = 834.234 ; gain = 75.574
launch_sdk -workspace C:/Users/tuoma/vivado/BIST/BIST.sdk -hwspec C:/Users/tuoma/vivado/BIST/BIST.sdk/design_1_wrapper.hdf
INFO: [Vivado 12-393] Launching SDK...
INFO: [Vivado 12-417] Running xsdk -workspace C:/Users/tuoma/vivado/BIST/BIST.sdk -hwspec C:/Users/tuoma/vivado/BIST/BIST.sdk/design_1_wrapper.hdf
INFO: [Vivado 12-3157] SDK launch initiated. Please check console for any further messages.
exit
INFO: [Common 17-206] Exiting Vivado at Tue Jun  8 19:22:35 2021...
