18:34:48 INFO  : Registering command handlers for SDK TCF services
18:34:49 INFO  : Launching XSCT server: xsct.bat -interactive C:\Users\tuoma\vivado\BIST\BIST.sdk\temp_xsdb_launch_script.tcl
18:34:52 INFO  : XSCT server has started successfully.
18:34:53 INFO  : Successfully done setting XSCT server connection channel  
18:34:53 INFO  : Processing command line option -hwspec C:/Users/tuoma/vivado/BIST/BIST.sdk/design_1_wrapper.hdf.
18:34:53 INFO  : Successfully done setting SDK workspace  
18:45:43 INFO  : Connected to target on host '127.0.0.1' and port '3121'.
18:45:45 INFO  : 'targets -set -filter {jtag_cable_name =~ "Digilent Zybo Z7 210351AD6BEFA" && level==0} -index 1' command is executed.
18:45:47 INFO  : FPGA configured successfully with bitstream "C:/Users/tuoma/vivado/BIST/BIST.sdk/design_1_wrapper_hw_platform_0/design_1_wrapper.bit"
18:56:21 INFO  : Connected to target on host '127.0.0.1' and port '3121'.
18:56:21 INFO  : 'targets -set -filter {jtag_cable_name =~ "Digilent Zybo Z7 210351AD6BEFA" && level==0} -index 1' command is executed.
18:56:24 INFO  : FPGA configured successfully with bitstream "C:/Users/tuoma/vivado/BIST/BIST.sdk/design_1_wrapper_hw_platform_0/design_1_wrapper.bit"
18:57:17 INFO  : 'targets -set -filter {jtag_cable_name =~ "Digilent Zybo Z7 210351AD6BEFA" && level==0} -index 1' command is executed.
18:57:17 INFO  : 'fpga -state' command is executed.
18:57:17 INFO  : Connected to target on host '127.0.0.1' and port '3121'.
18:57:17 INFO  : Jtag cable 'Digilent Zybo Z7 210351AD6BEFA' is selected.
18:57:17 INFO  : 'jtag frequency' command is executed.
18:57:17 INFO  : Sourcing of 'C:/Users/tuoma/vivado/BIST/BIST.sdk/design_1_wrapper_hw_platform_0/ps7_init.tcl' is done.
18:57:17 INFO  : Context for 'APU' is selected.
18:57:17 INFO  : Hardware design information is loaded from 'C:/Users/tuoma/vivado/BIST/BIST.sdk/design_1_wrapper_hw_platform_0/system.hdf'.
18:57:17 INFO  : 'configparams force-mem-access 1' command is executed.
18:57:17 INFO  : Context for 'APU' is selected.
18:57:17 INFO  : 'stop' command is executed.
18:57:18 INFO  : 'ps7_init' command is executed.
18:57:18 INFO  : 'ps7_post_config' command is executed.
18:57:18 INFO  : Context for processor 'ps7_cortexa9_0' is selected.
18:57:18 INFO  : Processor reset is completed for 'ps7_cortexa9_0'.
18:57:18 INFO  : Context for processor 'ps7_cortexa9_0' is selected.
18:57:18 INFO  : The application 'C:/Users/tuoma/vivado/BIST/BIST.sdk/BIST/Debug/BIST.elf' is downloaded to processor 'ps7_cortexa9_0'.
18:57:18 INFO  : 'configparams force-mem-access 0' command is executed.
18:57:18 INFO  : ----------------XSDB Script----------------
connect -url tcp:127.0.0.1:3121
source C:/Users/tuoma/vivado/BIST/BIST.sdk/design_1_wrapper_hw_platform_0/ps7_init.tcl
targets -set -nocase -filter {name =~"APU*" && jtag_cable_name =~ "Digilent Zybo Z7 210351AD6BEFA"} -index 0
loadhw -hw C:/Users/tuoma/vivado/BIST/BIST.sdk/design_1_wrapper_hw_platform_0/system.hdf -mem-ranges [list {0x40000000 0xbfffffff}]
configparams force-mem-access 1
targets -set -nocase -filter {name =~"APU*" && jtag_cable_name =~ "Digilent Zybo Z7 210351AD6BEFA"} -index 0
stop
ps7_init
ps7_post_config
targets -set -nocase -filter {name =~ "ARM*#0" && jtag_cable_name =~ "Digilent Zybo Z7 210351AD6BEFA"} -index 0
rst -processor
targets -set -nocase -filter {name =~ "ARM*#0" && jtag_cable_name =~ "Digilent Zybo Z7 210351AD6BEFA"} -index 0
dow C:/Users/tuoma/vivado/BIST/BIST.sdk/BIST/Debug/BIST.elf
configparams force-mem-access 0
----------------End of Script----------------

18:57:18 INFO  : Memory regions updated for context APU
18:57:18 INFO  : Context for processor 'ps7_cortexa9_0' is selected.
18:57:18 INFO  : 'con' command is executed.
18:57:18 INFO  : ----------------XSDB Script (After Launch)----------------
targets -set -nocase -filter {name =~ "ARM*#0" && jtag_cable_name =~ "Digilent Zybo Z7 210351AD6BEFA"} -index 0
con
----------------End of Script----------------

18:57:18 INFO  : Launch script is exported to file 'C:\Users\tuoma\vivado\BIST\BIST.sdk\.sdk\launch_scripts\xilinx_c-c++_application_(system_debugger)\system_debugger_using_debug_bist.elf_on_local.tcl'
18:59:34 INFO  : Disconnected from the channel tcfchan#1.
18:59:35 INFO  : 'targets -set -filter {jtag_cable_name =~ "Digilent Zybo Z7 210351AD6BEFA" && level==0} -index 1' command is executed.
18:59:35 INFO  : 'fpga -state' command is executed.
18:59:35 INFO  : Connected to target on host '127.0.0.1' and port '3121'.
18:59:35 INFO  : Jtag cable 'Digilent Zybo Z7 210351AD6BEFA' is selected.
18:59:35 INFO  : 'jtag frequency' command is executed.
18:59:35 INFO  : Sourcing of 'C:/Users/tuoma/vivado/BIST/BIST.sdk/design_1_wrapper_hw_platform_0/ps7_init.tcl' is done.
18:59:35 INFO  : Context for 'APU' is selected.
18:59:38 INFO  : Hardware design information is loaded from 'C:/Users/tuoma/vivado/BIST/BIST.sdk/design_1_wrapper_hw_platform_0/system.hdf'.
18:59:38 INFO  : 'configparams force-mem-access 1' command is executed.
18:59:38 INFO  : Context for 'APU' is selected.
18:59:38 INFO  : 'stop' command is executed.
18:59:38 INFO  : 'ps7_init' command is executed.
18:59:38 INFO  : 'ps7_post_config' command is executed.
18:59:38 INFO  : Context for processor 'ps7_cortexa9_0' is selected.
18:59:38 INFO  : Processor reset is completed for 'ps7_cortexa9_0'.
18:59:38 INFO  : Context for processor 'ps7_cortexa9_0' is selected.
18:59:39 INFO  : The application 'C:/Users/tuoma/vivado/BIST/BIST.sdk/BIST/Debug/BIST.elf' is downloaded to processor 'ps7_cortexa9_0'.
18:59:39 INFO  : 'configparams force-mem-access 0' command is executed.
18:59:39 INFO  : ----------------XSDB Script----------------
connect -url tcp:127.0.0.1:3121
source C:/Users/tuoma/vivado/BIST/BIST.sdk/design_1_wrapper_hw_platform_0/ps7_init.tcl
targets -set -nocase -filter {name =~"APU*" && jtag_cable_name =~ "Digilent Zybo Z7 210351AD6BEFA"} -index 0
loadhw -hw C:/Users/tuoma/vivado/BIST/BIST.sdk/design_1_wrapper_hw_platform_0/system.hdf -mem-ranges [list {0x40000000 0xbfffffff}]
configparams force-mem-access 1
targets -set -nocase -filter {name =~"APU*" && jtag_cable_name =~ "Digilent Zybo Z7 210351AD6BEFA"} -index 0
stop
ps7_init
ps7_post_config
targets -set -nocase -filter {name =~ "ARM*#0" && jtag_cable_name =~ "Digilent Zybo Z7 210351AD6BEFA"} -index 0
rst -processor
targets -set -nocase -filter {name =~ "ARM*#0" && jtag_cable_name =~ "Digilent Zybo Z7 210351AD6BEFA"} -index 0
dow C:/Users/tuoma/vivado/BIST/BIST.sdk/BIST/Debug/BIST.elf
configparams force-mem-access 0
----------------End of Script----------------

18:59:39 INFO  : Memory regions updated for context APU
18:59:39 INFO  : Context for processor 'ps7_cortexa9_0' is selected.
18:59:39 INFO  : 'con' command is executed.
18:59:39 INFO  : ----------------XSDB Script (After Launch)----------------
targets -set -nocase -filter {name =~ "ARM*#0" && jtag_cable_name =~ "Digilent Zybo Z7 210351AD6BEFA"} -index 0
con
----------------End of Script----------------

18:59:39 INFO  : Launch script is exported to file 'C:\Users\tuoma\vivado\BIST\BIST.sdk\.sdk\launch_scripts\xilinx_c-c++_application_(system_debugger)\system_debugger_using_debug_bist.elf_on_local.tcl'
19:00:29 INFO  : Disconnected from the channel tcfchan#2.
19:00:31 INFO  : 'targets -set -filter {jtag_cable_name =~ "Digilent Zybo Z7 210351AD6BEFA" && level==0} -index 1' command is executed.
19:00:31 INFO  : 'fpga -state' command is executed.
19:00:31 INFO  : Connected to target on host '127.0.0.1' and port '3121'.
19:00:31 INFO  : Jtag cable 'Digilent Zybo Z7 210351AD6BEFA' is selected.
19:00:31 INFO  : 'jtag frequency' command is executed.
19:00:31 INFO  : Sourcing of 'C:/Users/tuoma/vivado/BIST/BIST.sdk/design_1_wrapper_hw_platform_0/ps7_init.tcl' is done.
19:00:31 INFO  : Context for 'APU' is selected.
19:00:33 INFO  : Hardware design information is loaded from 'C:/Users/tuoma/vivado/BIST/BIST.sdk/design_1_wrapper_hw_platform_0/system.hdf'.
19:00:33 INFO  : 'configparams force-mem-access 1' command is executed.
19:00:33 INFO  : Context for 'APU' is selected.
19:00:33 INFO  : 'stop' command is executed.
19:00:34 INFO  : 'ps7_init' command is executed.
19:00:34 INFO  : 'ps7_post_config' command is executed.
19:00:34 INFO  : Context for processor 'ps7_cortexa9_0' is selected.
19:00:34 INFO  : Processor reset is completed for 'ps7_cortexa9_0'.
19:00:34 INFO  : Context for processor 'ps7_cortexa9_0' is selected.
19:00:34 INFO  : The application 'C:/Users/tuoma/vivado/BIST/BIST.sdk/BIST/Debug/BIST.elf' is downloaded to processor 'ps7_cortexa9_0'.
19:00:34 INFO  : 'configparams force-mem-access 0' command is executed.
19:00:34 INFO  : ----------------XSDB Script----------------
connect -url tcp:127.0.0.1:3121
source C:/Users/tuoma/vivado/BIST/BIST.sdk/design_1_wrapper_hw_platform_0/ps7_init.tcl
targets -set -nocase -filter {name =~"APU*" && jtag_cable_name =~ "Digilent Zybo Z7 210351AD6BEFA"} -index 0
loadhw -hw C:/Users/tuoma/vivado/BIST/BIST.sdk/design_1_wrapper_hw_platform_0/system.hdf -mem-ranges [list {0x40000000 0xbfffffff}]
configparams force-mem-access 1
targets -set -nocase -filter {name =~"APU*" && jtag_cable_name =~ "Digilent Zybo Z7 210351AD6BEFA"} -index 0
stop
ps7_init
ps7_post_config
targets -set -nocase -filter {name =~ "ARM*#0" && jtag_cable_name =~ "Digilent Zybo Z7 210351AD6BEFA"} -index 0
rst -processor
targets -set -nocase -filter {name =~ "ARM*#0" && jtag_cable_name =~ "Digilent Zybo Z7 210351AD6BEFA"} -index 0
dow C:/Users/tuoma/vivado/BIST/BIST.sdk/BIST/Debug/BIST.elf
configparams force-mem-access 0
----------------End of Script----------------

19:00:34 INFO  : Memory regions updated for context APU
19:00:34 INFO  : Context for processor 'ps7_cortexa9_0' is selected.
19:00:34 INFO  : 'con' command is executed.
19:00:34 INFO  : ----------------XSDB Script (After Launch)----------------
targets -set -nocase -filter {name =~ "ARM*#0" && jtag_cable_name =~ "Digilent Zybo Z7 210351AD6BEFA"} -index 0
con
----------------End of Script----------------

19:00:34 INFO  : Launch script is exported to file 'C:\Users\tuoma\vivado\BIST\BIST.sdk\.sdk\launch_scripts\xilinx_c-c++_application_(system_debugger)\system_debugger_using_debug_bist.elf_on_local.tcl'
19:01:04 INFO  : Disconnected from the channel tcfchan#3.
19:01:05 INFO  : 'targets -set -filter {jtag_cable_name =~ "Digilent Zybo Z7 210351AD6BEFA" && level==0} -index 1' command is executed.
19:01:05 INFO  : 'fpga -state' command is executed.
19:01:05 INFO  : Connected to target on host '127.0.0.1' and port '3121'.
19:01:06 INFO  : Jtag cable 'Digilent Zybo Z7 210351AD6BEFA' is selected.
19:01:06 INFO  : 'jtag frequency' command is executed.
19:01:06 INFO  : Sourcing of 'C:/Users/tuoma/vivado/BIST/BIST.sdk/design_1_wrapper_hw_platform_0/ps7_init.tcl' is done.
19:01:06 INFO  : Context for 'APU' is selected.
19:01:08 INFO  : Hardware design information is loaded from 'C:/Users/tuoma/vivado/BIST/BIST.sdk/design_1_wrapper_hw_platform_0/system.hdf'.
19:01:08 INFO  : 'configparams force-mem-access 1' command is executed.
19:01:08 INFO  : Context for 'APU' is selected.
19:01:08 INFO  : 'stop' command is executed.
19:01:09 INFO  : 'ps7_init' command is executed.
19:01:09 INFO  : 'ps7_post_config' command is executed.
19:01:09 INFO  : Context for processor 'ps7_cortexa9_0' is selected.
19:01:09 INFO  : Processor reset is completed for 'ps7_cortexa9_0'.
19:01:09 INFO  : Context for processor 'ps7_cortexa9_0' is selected.
19:01:09 INFO  : The application 'C:/Users/tuoma/vivado/BIST/BIST.sdk/BIST/Debug/BIST.elf' is downloaded to processor 'ps7_cortexa9_0'.
19:01:09 INFO  : 'configparams force-mem-access 0' command is executed.
19:01:09 INFO  : ----------------XSDB Script----------------
connect -url tcp:127.0.0.1:3121
source C:/Users/tuoma/vivado/BIST/BIST.sdk/design_1_wrapper_hw_platform_0/ps7_init.tcl
targets -set -nocase -filter {name =~"APU*" && jtag_cable_name =~ "Digilent Zybo Z7 210351AD6BEFA"} -index 0
loadhw -hw C:/Users/tuoma/vivado/BIST/BIST.sdk/design_1_wrapper_hw_platform_0/system.hdf -mem-ranges [list {0x40000000 0xbfffffff}]
configparams force-mem-access 1
targets -set -nocase -filter {name =~"APU*" && jtag_cable_name =~ "Digilent Zybo Z7 210351AD6BEFA"} -index 0
stop
ps7_init
ps7_post_config
targets -set -nocase -filter {name =~ "ARM*#0" && jtag_cable_name =~ "Digilent Zybo Z7 210351AD6BEFA"} -index 0
rst -processor
targets -set -nocase -filter {name =~ "ARM*#0" && jtag_cable_name =~ "Digilent Zybo Z7 210351AD6BEFA"} -index 0
dow C:/Users/tuoma/vivado/BIST/BIST.sdk/BIST/Debug/BIST.elf
configparams force-mem-access 0
----------------End of Script----------------

19:01:09 INFO  : Memory regions updated for context APU
19:01:09 INFO  : Context for processor 'ps7_cortexa9_0' is selected.
19:01:09 INFO  : 'con' command is executed.
19:01:09 INFO  : ----------------XSDB Script (After Launch)----------------
targets -set -nocase -filter {name =~ "ARM*#0" && jtag_cable_name =~ "Digilent Zybo Z7 210351AD6BEFA"} -index 0
con
----------------End of Script----------------

19:01:09 INFO  : Launch script is exported to file 'C:\Users\tuoma\vivado\BIST\BIST.sdk\.sdk\launch_scripts\xilinx_c-c++_application_(system_debugger)\system_debugger_using_debug_bist.elf_on_local.tcl'
19:01:30 INFO  : Disconnected from the channel tcfchan#4.
16:07:09 INFO  : Registering command handlers for SDK TCF services
16:07:10 INFO  : Launching XSCT server: xsct.bat -interactive C:\Users\tuoma\vivado\BIST\BIST.sdk\temp_xsdb_launch_script.tcl
16:07:15 INFO  : XSCT server has started successfully.
16:07:19 INFO  : Processing command line option -hwspec C:/Users/tuoma/vivado/BIST/BIST.sdk/design_1_wrapper.hdf.
16:07:19 INFO  : Successfully done setting XSCT server connection channel  
16:07:19 INFO  : Checking for hwspec changes in the project design_1_wrapper_hw_platform_0.
16:07:28 INFO  : Successfully done setting SDK workspace  
16:08:30 INFO  : Connected to target on host '127.0.0.1' and port '3121'.
16:08:32 INFO  : 'targets -set -filter {jtag_cable_name =~ "Digilent Zybo Z7 210351AD6BEFA" && level==0} -index 1' command is executed.
16:08:34 INFO  : FPGA configured successfully with bitstream "C:/Users/tuoma/vivado/BIST/BIST.sdk/design_1_wrapper_hw_platform_0/design_1_wrapper.bit"
16:08:57 INFO  : 'targets -set -filter {jtag_cable_name =~ "Digilent Zybo Z7 210351AD6BEFA" && level==0} -index 1' command is executed.
16:08:57 INFO  : 'fpga -state' command is executed.
16:08:57 INFO  : Connected to target on host '127.0.0.1' and port '3121'.
16:08:57 INFO  : Jtag cable 'Digilent Zybo Z7 210351AD6BEFA' is selected.
16:08:57 INFO  : 'jtag frequency' command is executed.
16:08:57 INFO  : Sourcing of 'C:/Users/tuoma/vivado/BIST/BIST.sdk/design_1_wrapper_hw_platform_0/ps7_init.tcl' is done.
16:08:57 INFO  : Context for 'APU' is selected.
16:08:57 INFO  : Hardware design information is loaded from 'C:/Users/tuoma/vivado/BIST/BIST.sdk/design_1_wrapper_hw_platform_0/system.hdf'.
16:08:57 INFO  : 'configparams force-mem-access 1' command is executed.
16:08:57 INFO  : Context for 'APU' is selected.
16:08:57 INFO  : 'stop' command is executed.
16:08:58 INFO  : 'ps7_init' command is executed.
16:08:58 INFO  : 'ps7_post_config' command is executed.
16:08:58 INFO  : Context for processor 'ps7_cortexa9_0' is selected.
16:08:58 INFO  : Processor reset is completed for 'ps7_cortexa9_0'.
16:08:58 INFO  : Context for processor 'ps7_cortexa9_0' is selected.
16:08:58 INFO  : The application 'C:/Users/tuoma/vivado/BIST/BIST.sdk/BIST/Debug/BIST.elf' is downloaded to processor 'ps7_cortexa9_0'.
16:08:58 INFO  : 'configparams force-mem-access 0' command is executed.
16:08:58 INFO  : ----------------XSDB Script----------------
connect -url tcp:127.0.0.1:3121
source C:/Users/tuoma/vivado/BIST/BIST.sdk/design_1_wrapper_hw_platform_0/ps7_init.tcl
targets -set -nocase -filter {name =~"APU*" && jtag_cable_name =~ "Digilent Zybo Z7 210351AD6BEFA"} -index 0
loadhw -hw C:/Users/tuoma/vivado/BIST/BIST.sdk/design_1_wrapper_hw_platform_0/system.hdf -mem-ranges [list {0x40000000 0xbfffffff}]
configparams force-mem-access 1
targets -set -nocase -filter {name =~"APU*" && jtag_cable_name =~ "Digilent Zybo Z7 210351AD6BEFA"} -index 0
stop
ps7_init
ps7_post_config
targets -set -nocase -filter {name =~ "ARM*#0" && jtag_cable_name =~ "Digilent Zybo Z7 210351AD6BEFA"} -index 0
rst -processor
targets -set -nocase -filter {name =~ "ARM*#0" && jtag_cable_name =~ "Digilent Zybo Z7 210351AD6BEFA"} -index 0
dow C:/Users/tuoma/vivado/BIST/BIST.sdk/BIST/Debug/BIST.elf
configparams force-mem-access 0
----------------End of Script----------------

16:08:58 INFO  : Memory regions updated for context APU
16:08:58 INFO  : Context for processor 'ps7_cortexa9_0' is selected.
16:08:58 INFO  : 'con' command is executed.
16:08:58 INFO  : ----------------XSDB Script (After Launch)----------------
targets -set -nocase -filter {name =~ "ARM*#0" && jtag_cable_name =~ "Digilent Zybo Z7 210351AD6BEFA"} -index 0
con
----------------End of Script----------------

16:08:58 INFO  : Launch script is exported to file 'C:\Users\tuoma\vivado\BIST\BIST.sdk\.sdk\launch_scripts\xilinx_c-c++_application_(system_debugger)\system_debugger_using_debug_bist.elf_on_local.tcl'
19:22:03 INFO  : Disconnected from the channel tcfchan#1.
